<?xml version="1.0" encoding="UTF-8"?>
<testsuite xmlns:xsi="http://www.w3.org/2001/XMLSchema-instance" xsi:noNamespaceSchemaLocation="https://maven.apache.org/surefire/maven-surefire-plugin/xsd/surefire-test-report.xsd" version="3.0.2" name="repository.Neo4jUserRepositoryIT" time="4.115" tests="11" errors="0" skipped="0" failures="0">
  <properties>
[...]
</properties>
  <testcase name="removeFriend removes relationship on both sides" classname="repository.Neo4jUserRepositoryIT" time="1.901"/>
  <testcase name="delete removes node" classname="repository.Neo4jUserRepositoryIT" time="0.093"/>
  <testcase name="update changes fields" classname="repository.Neo4jUserRepositoryIT" time="0.109"/>
  <testcase name="getFriendsOfFriends orders by common friend count descending" classname="repository.Neo4jUserRepositoryIT" time="0.444"/>
  <testcase name="addFriend creates symmetric relationship" classname="repository.Neo4jUserRepositoryIT" time="0.11"/>
  <testcase name="null profilbild roundtrips as null" classname="repository.Neo4jUserRepositoryIT" time="0.047"/>
  <testcase name="create and getById roundtrip" classname="repository.Neo4jUserRepositoryIT" time="0.043"/>
  <testcase name="getById returns null for unknown id" classname="repository.Neo4jUserRepositoryIT" time="0.165"/>
  <testcase name="addFriend reflects in friends list via relationship" classname="repository.Neo4jUserRepositoryIT" time="0.085"/>
  <testcase name="non-null profilbild roundtrips correctly" classname="repository.Neo4jUserRepositoryIT" time="0.079"/>
  <testcase name="getFriendsOfFriends returns 2-hop users excluding direct friends and self" classname="repository.Neo4jUserRepositoryIT" time="0.11"/>
</testsuite>