<?xml version="1.0" encoding="UTF-8"?>
<testsuite xmlns:xsi="http://www.w3.org/2001/XMLSchema-instance" xsi:noNamespaceSchemaLocation="https://maven.apache.org/surefire/maven-surefire-plugin/xsd/surefire-test-report.xsd" version="3.0.2" name="service.UserServiceTest" time="1.658" tests="9" errors="0" skipped="0" failures="0">
  <properties>
[...]
</properties>
  <testcase name="removeFriend delegates to repository removeFriend" classname="service.UserServiceTest" time="1.276"/>
  <testcase name="createUser delegates to repository create" classname="service.UserServiceTest" time="0.006"/>
  <testcase name="deleteUser delegates to repository delete" classname="service.UserServiceTest" time="0.004"/>
  <testcase name="addFriend delegates to repository addFriend" classname="service.UserServiceTest" time="0.004"/>
  <testcase name="getUser returns user from repository" classname="service.UserServiceTest" time="0.061"/>
  <testcase name="getFriends returns list from repository" classname="service.UserServiceTest" time="0.247"/>
  <testcase name="getUser returns null when repository returns null" classname="service.UserServiceTest" time="0.004"/>
  <testcase name="updateUser delegates to repository update" classname="service.UserServiceTest" time="0.004"/>
  <testcase name="suggestFriends delegates to getFriendsOfFriends" classname="service.UserServiceTest" time="0.004"/>
</testsuite>